<?xml version="1.0" encoding="UTF-8"?>
<!-- Generated by org.testng.reporters.JUnitReportReporter -->
<testsuite hostname="ASHAMOL" failures="0" tests="1" name="testngpkg.Draganddrop" time="1.858" errors="0" timestamp="2023-11-15T18:19:20 IST" skipped="0">
  <testcase classname="testngpkg.Draganddrop" name="test" time="1.858"/>
  <system-out/>
</testsuite> <!-- testngpkg.Draganddrop -->
