<?xml version="1.0" encoding="UTF-8"?>
<!-- Generated by org.testng.reporters.JUnitReportReporter -->
<testsuite hostname="ASHAMOL" failures="0" tests="1" name="testngpkg.Fileuploadrobot" time="31.827" errors="0" timestamp="2023-11-20T20:01:58 IST" skipped="0">
  <testcase classname="testngpkg.Fileuploadrobot" name="fileupload" time="31.827"/>
  <system-out/>
</testsuite> <!-- testngpkg.Fileuploadrobot -->
