<?xml version="1.0" encoding="UTF-8"?>
<!-- Generated by org.testng.reporters.JUnitReportReporter -->
<testsuite hostname="ASHAMOL" failures="0" tests="1" name="testngpkg.Draganddropp" time="8.815" errors="0" timestamp="2023-11-15T20:09:43 IST" skipped="0">
  <testcase classname="testngpkg.Draganddropp" name="test" time="8.815"/>
  <system-out/>
</testsuite> <!-- testngpkg.Draganddropp -->
