<?xml version="1.0" encoding="UTF-8"?>
<!-- Generated by org.testng.reporters.JUnitReportReporter -->
<testsuite hostname="ASHAMOL" failures="0" tests="1" name="testngpkg.Redifflogoo" time="51.915" errors="0" timestamp="2023-11-15T18:04:20 IST" skipped="0">
  <testcase classname="testngpkg.Redifflogoo" name="displaytest" time="51.915"/>
  <system-out/>
</testsuite> <!-- testngpkg.Redifflogoo -->
