<?xml version="1.0" encoding="UTF-8"?>
<!-- Generated by org.testng.reporters.JUnitReportReporter -->
<testsuite hostname="ASHAMOL" failures="0" tests="1" name="test.Fbcreatetest" time="13.663" errors="0" timestamp="2023-11-29T12:05:36 IST" skipped="0">
  <testcase classname="test.Fbcreatetest" name="createtest" time="13.663"/>
  <system-out/>
</testsuite> <!-- test.Fbcreatetest -->
