<?xml version="1.0" encoding="UTF-8"?>
<!-- Generated by org.testng.reporters.JUnitReportReporter -->
<testsuite hostname="ASHAMOL" failures="0" tests="1" name="test.Fblogintest" time="24.576" errors="0" timestamp="2023-11-27T12:35:16 IST" skipped="0">
  <testcase classname="test.Fblogintest" name="testlogin" time="24.576"/>
  <system-out/>
</testsuite> <!-- test.Fblogintest -->
