<?xml version="1.0" encoding="UTF-8"?>
<!-- Generated by org.testng.reporters.JUnitReportReporter -->
<testsuite hostname="ASHAMOL" failures="0" tests="1" name="testngpkg.Ebaymouseimpli" time="2.995" errors="0" timestamp="2023-11-15T18:34:06 IST" skipped="0">
  <testcase classname="testngpkg.Ebaymouseimpli" name="test" time="2.995"/>
  <system-out/>
</testsuite> <!-- testngpkg.Ebaymouseimpli -->
