<?xml version="1.0" encoding="UTF-8"?>
<!-- Generated by org.testng.reporters.JUnitReportReporter -->
<testsuite hostname="ASHAMOL" failures="0" tests="1" name="test.Fbloginpagefacorytest" time="28.376" errors="0" timestamp="2023-11-29T12:22:57 IST" skipped="0">
  <testcase classname="test.Fbloginpagefacorytest" name="testlogin" time="28.376"/>
  <system-out/>
</testsuite> <!-- test.Fbloginpagefacorytest -->
