<?xml version="1.0" encoding="UTF-8"?>
<!-- Generated by org.testng.reporters.JUnitReportReporter -->
<testsuite hostname="ASHAMOL" failures="0" tests="2" name="testngpkg.Autoexercisee" time="26.043" errors="0" timestamp="2023-11-20T20:37:02 IST" skipped="0">
  <testcase classname="testngpkg.Autoexercisee" name="logintest" time="7.440"/>
  <system-out/>
  <testcase classname="testngpkg.Autoexercisee" name="autotst" time="18.603"/>
  <system-out/>
</testsuite> <!-- testngpkg.Autoexercisee -->
