<?xml version="1.0" encoding="UTF-8"?>
<!-- Generated by org.testng.reporters.JUnitReportReporter -->
<testsuite hostname="ASHAMOL" failures="0" tests="1" name="testngpkg.Datepicker" time="8.105" errors="0" timestamp="2023-11-30T20:17:11 IST" skipped="0">
  <testcase classname="testngpkg.Datepicker" name="datepickertest" time="8.105"/>
  <system-out/>
</testsuite> <!-- testngpkg.Datepicker -->
