<?xml version="1.0" encoding="UTF-8"?>
<!-- Generated by org.testng.reporters.JUnitReportReporter -->
<testsuite hostname="ASHAMOL" failures="0" tests="1" name="testngpkg.Windowhandler" time="21.778" errors="0" timestamp="2023-11-23T12:00:02 IST" skipped="0">
  <testcase classname="testngpkg.Windowhandler" name="test" time="21.778"/>
  <system-out/>
</testsuite> <!-- testngpkg.Windowhandler -->
