<?xml version="1.0" encoding="UTF-8"?>
<!-- Generated by org.testng.reporters.JUnitReportReporter -->
<testsuite hostname="ASHAMOL" failures="0" tests="1" name="testngpkg.Doubleandrightclick" time="4.459" errors="0" timestamp="2023-11-21T12:16:34 IST" skipped="0">
  <testcase classname="testngpkg.Doubleandrightclick" name="test" time="4.459"/>
  <system-out/>
</testsuite> <!-- testngpkg.Doubleandrightclick -->
