<?xml version="1.0" encoding="UTF-8"?>
<!-- Generated by org.testng.reporters.JUnitReportReporter -->
<testsuite hostname="ASHAMOL" failures="0" tests="1" name="testngpkg.Fileuploadauto" time="122.615" errors="0" timestamp="2023-11-22T19:06:30 IST" skipped="0">
  <testcase classname="testngpkg.Fileuploadauto" name="main" time="122.615"/>
  <system-out/>
</testsuite> <!-- testngpkg.Fileuploadauto -->
